# JRE version: OpenJDK Runtime Environment Temurin-21.0.6+7 (21.0.6+7) (build 21.0.6+7-LTS)
# Java VM: OpenJDK 64-Bit Server VM Temurin-21.0.6+7 (21.0.6+7-LTS, mixed mode, sharing, tiered, compressed oops, compressed class ptrs, g1 gc, windows-amd64)
GC Precious Log:
 CardTable entry size: 512
 Card Set container configuration: InlinePtr #cards 4 size 8 Array Of Cards #cards 64 size 144 Howl #buckets 8 coarsen threshold 14745 Howl Bitmap #cards 2048 size 272 coarsen threshold 1843 Card regions per heap region 1 cards per card region 16384
 CPUs: 24 total, 24 available
 Memory: 65388M
 Large Page Support: Disabled
 NUMA Support: Disabled
 Compressed Oops: Enabled (Zero based)
 Heap Region Size: 8M
 Heap Min Capacity: 8M
 Heap Initial Capacity: 1G
 Heap Max Capacity: 16352M
 Pre-touch: Disabled
 Parallel Workers: 18
 Concurrent Workers: 5
 Concurrent Refinement Workers: 18
 Periodic GC: Disabled
Heap:
 garbage-first heap   total 114688K, used 90780K [0x0000000402000000, 0x0000000800000000)
  region size 8192K, 8 young (65536K), 1 survivors (8192K)
 Metaspace       used 85393K, committed 86400K, reserved 1179648K
  class space    used 11109K, committed 11584K, reserved 1048576K
GC Heap History (20 events):
Event: 1847.232 GC heap after
{Heap after GC invocations=40 (full 7):
 garbage-first heap   total 114688K, used 37246K [0x0000000402000000, 0x0000000800000000)
  region size 8192K, 1 young (8192K), 1 survivors (8192K)
 Metaspace       used 83592K, committed 84480K, reserved 1179648K
  class space    used 10982K, committed 11392K, reserved 1048576K
}
Event: 1880.494 GC heap before
{Heap before GC invocations=40 (full 7):
 garbage-first heap   total 114688K, used 53630K [0x0000000402000000, 0x0000000800000000)
  region size 8192K, 4 young (32768K), 1 survivors (8192K)
 Metaspace       used 83797K, committed 84736K, reserved 1179648K
  class space    used 10993K, committed 11392K, reserved 1048576K
}
Event: 1880.635 GC heap after
{Heap after GC invocations=41 (full 8):
 garbage-first heap   total 114688K, used 32937K [0x0000000402000000, 0x0000000800000000)
  region size 8192K, 0 young (0K), 0 survivors (0K)
 Metaspace       used 83794K, committed 84736K, reserved 1179648K
  class space    used 10993K, committed 11392K, reserved 1048576K
}
Event: 1881.097 GC heap before
{Heap before GC invocations=41 (full 8):
 garbage-first heap   total 114688K, used 82089K [0x0000000402000000, 0x0000000800000000)
  region size 8192K, 6 young (49152K), 0 survivors (0K)
 Metaspace       used 83972K, committed 84864K, reserved 1179648K
  class space    used 11002K, committed 11392K, reserved 1048576K
}
Event: 1881.099 GC heap after
{Heap after GC invocations=42 (full 8):
 garbage-first heap   total 114688K, used 37224K [0x0000000402000000, 0x0000000800000000)
  region size 8192K, 1 young (8192K), 1 survivors (8192K)
 Metaspace       used 83972K, committed 84864K, reserved 1179648K
  class space    used 11002K, committed 11392K, reserved 1048576K
}
Event: 2423.573 GC heap before
{Heap before GC invocations=42 (full 8):
 garbage-first heap   total 114688K, used 86376K [0x0000000402000000, 0x0000000800000000)
  region size 8192K, 7 young (57344K), 1 survivors (8192K)
 Metaspace       used 84313K, committed 85248K, reserved 1179648K
  class space    used 11022K, committed 11456K, reserved 1048576K
}
Event: 2423.576 GC heap after
{Heap after GC invocations=43 (full 8):
 garbage-first heap   total 114688K, used 37617K [0x0000000402000000, 0x0000000800000000)
  region size 8192K, 1 young (8192K), 1 survivors (8192K)
 Metaspace       used 84313K, committed 85248K, reserved 1179648K
  class space    used 11022K, committed 11456K, reserved 1048576K
}
Event: 3664.868 GC heap before
{Heap before GC invocations=43 (full 8):
 garbage-first heap   total 114688K, used 86769K [0x0000000402000000, 0x0000000800000000)
  region size 8192K, 7 young (57344K), 1 survivors (8192K)
 Metaspace       used 84337K, committed 85248K, reserved 1179648K
  class space    used 11022K, committed 11456K, reserved 1048576K
}
Event: 3664.870 GC heap after
{Heap after GC invocations=44 (full 8):
 garbage-first heap   total 114688K, used 37914K [0x0000000402000000, 0x0000000800000000)
  region size 8192K, 1 young (8192K), 1 survivors (8192K)
 Metaspace       used 84337K, committed 85248K, reserved 1179648K
  class space    used 11022K, committed 11456K, reserved 1048576K
}
Event: 4732.226 GC heap before
{Heap before GC invocations=44 (full 8):
 garbage-first heap   total 114688K, used 78874K [0x0000000402000000, 0x0000000800000000)
  region size 8192K, 6 young (49152K), 1 survivors (8192K)
 Metaspace       used 84343K, committed 85248K, reserved 1179648K
  class space    used 11022K, committed 11456K, reserved 1048576K
}
Event: 4732.228 GC heap after
{Heap after GC invocations=45 (full 8):
 garbage-first heap   total 114688K, used 37771K [0x0000000402000000, 0x0000000800000000)
  region size 8192K, 1 young (8192K), 1 survivors (8192K)
 Metaspace       used 84343K, committed 85248K, reserved 1179648K
  class space    used 11022K, committed 11456K, reserved 1048576K
}
Event: 5749.001 GC heap before
{Heap before GC invocations=45 (full 8):
 garbage-first heap   total 114688K, used 78731K [0x0000000402000000, 0x0000000800000000)
  region size 8192K, 6 young (49152K), 1 survivors (8192K)
 Metaspace       used 84358K, committed 85248K, reserved 1179648K
  class space    used 11022K, committed 11456K, reserved 1048576K
}
Event: 5749.003 GC heap after
{Heap after GC invocations=46 (full 8):
 garbage-first heap   total 114688K, used 37714K [0x0000000402000000, 0x0000000800000000)
  region size 8192K, 1 young (8192K), 1 survivors (8192K)
 Metaspace       used 84358K, committed 85248K, reserved 1179648K
  class space    used 11022K, committed 11456K, reserved 1048576K
}
Event: 6026.909 GC heap before
{Heap before GC invocations=46 (full 8):
 garbage-first heap   total 114688K, used 45906K [0x0000000402000000, 0x0000000800000000)
  region size 8192K, 3 young (24576K), 1 survivors (8192K)
 Metaspace       used 84369K, committed 85312K, reserved 1179648K
  class space    used 11023K, committed 11456K, reserved 1048576K
}
Event: 6027.046 GC heap after
{Heap after GC invocations=47 (full 9):
 garbage-first heap   total 114688K, used 33159K [0x0000000402000000, 0x0000000800000000)
  region size 8192K, 0 young (0K), 0 survivors (0K)
 Metaspace       used 84366K, committed 85312K, reserved 1179648K
  class space    used 11022K, committed 11456K, reserved 1048576K
}
Event: 6027.579 GC heap before
{Heap before GC invocations=47 (full 9):
 garbage-first heap   total 114688K, used 90503K [0x0000000402000000, 0x0000000800000000)
  region size 8192K, 7 young (57344K), 0 survivors (0K)
 Metaspace       used 84765K, committed 85696K, reserved 1179648K
  class space    used 11047K, committed 11456K, reserved 1048576K
}
Event: 6027.581 GC heap after
{Heap after GC invocations=48 (full 9):
 garbage-first heap   total 114688K, used 37629K [0x0000000402000000, 0x0000000800000000)
  region size 8192K, 1 young (8192K), 1 survivors (8192K)
 Metaspace       used 84765K, committed 85696K, reserved 1179648K
  class space    used 11047K, committed 11456K, reserved 1048576K
}
Event: 6109.912 GC heap before
{Heap before GC invocations=48 (full 9):
 garbage-first heap   total 114688K, used 54013K [0x0000000402000000, 0x0000000800000000)
  region size 8192K, 4 young (32768K), 1 survivors (8192K)
 Metaspace       used 84949K, committed 85888K, reserved 1179648K
  class space    used 11055K, committed 11456K, reserved 1048576K
}
Event: 6110.051 GC heap after
{Heap after GC invocations=49 (full 10):
 garbage-first heap   total 114688K, used 33436K [0x0000000402000000, 0x0000000800000000)
  region size 8192K, 0 young (0K), 0 survivors (0K)
 Metaspace       used 84946K, committed 85888K, reserved 1179648K
  class space    used 11055K, committed 11456K, reserved 1048576K
}
Event: 7874.138 GC heap before
{Heap before GC invocations=49 (full 10):
 garbage-first heap   total 114688K, used 90780K [0x0000000402000000, 0x0000000800000000)
  region size 8192K, 7 young (57344K), 0 survivors (0K)
 Metaspace       used 85393K, committed 86400K, reserved 1179648K
  class space    used 11109K, committed 11584K, reserved 1048576K
}

